This is pdfTeX, Version 3.141592653-2.6-1.40.29 (MiKTeX 26.2) (preloaded format=pdflatex 2026.4.17)  30 APR 2026 00:10
entering extended mode
 restricted \write18 enabled.
 file:line:error style messages enabled.
 %&-line parsing enabled.
**c:/Users/aakas/project/SSLProject/hub/report.tex
(c:/Users/aakas/project/SSLProject/hub/report.tex
LaTeX2e <2025-11-01>
L3 programming layer <2026-03-20>
(C:\Users\aakas\AppData\Local\Programs\MiKTeX\tex/latex/base\article.cls
Document Class: article 2025/01/22 v1.4n Standard LaTeX document class
(C:\Users\aakas\AppData\Local\Programs\MiKTeX\tex/latex/base\size12.clo
File: size12.clo 2025/01/22 v1.4n Standard LaTeX file (size option)
)
\c@part=\count275
\c@section=\count276
\c@subsection=\count277
\c@subsubsection=\count278
\c@paragraph=\count279
\c@subparagraph=\count280
\c@figure=\count281
\c@table=\count282
\abovecaptionskip=\skip49
\belowcaptionskip=\skip50
\bibindent=\dimen150
) (C:\Users\aakas\AppData\Local\Programs\MiKTeX\tex/latex/graphics\graphicx.sty
Package: graphicx 2024/12/31 v1.2e Enhanced LaTeX Graphics (DPC,SPQR)
 (C:\Users\aakas\AppData\Local\Programs\MiKTeX\tex/latex/graphics\keyval.sty
Package: keyval 2022/05/29 v1.15 key=value parser (DPC)
\KV@toks@=\toks17
) (C:\Users\aakas\AppData\Local\Programs\MiKTeX\tex/latex/graphics\graphics.sty
Package: graphics 2024/08/06 v1.4g Standard LaTeX Graphics (DPC,SPQR)
 (C:\Users\aakas\AppData\Local\Programs\MiKTeX\tex/latex/graphics\trig.sty
Package: trig 2023/12/02 v1.11 sin cos tan (DPC)
) (C:\Users\aakas\AppData\Local\Programs\MiKTeX\tex/latex/graphics-cfg\graphics.cfg
File: graphics.cfg 2016/06/04 v1.11 sample graphics configuration
)
Package graphics Info: Driver file: pdftex.def on input line 106.
 (C:\Users\aakas\AppData\Local\Programs\MiKTeX\tex/latex/graphics-def\pdftex.def
File: pdftex.def 2025/09/29 v1.2d Graphics/color driver for pdftex
))
\Gin@req@height=\dimen151
\Gin@req@width=\dimen152
) (C:\Users\aakas\AppData\Local\Programs\MiKTeX\tex/latex/l3backend\l3backend-pdftex.def
File: l3backend-pdftex.def 2026-02-18 L3 backend support: PDF output (pdfTeX)
\l__color_backend_stack_int=\count283
) (report.aux)
\openout1 = `report.aux'.

LaTeX Font Info:    Checking defaults for OML/cmm/m/it on input line 4.
LaTeX Font Info:    ... okay on input line 4.
LaTeX Font Info:    Checking defaults for OMS/cmsy/m/n on input line 4.
LaTeX Font Info:    ... okay on input line 4.
LaTeX Font Info:    Checking defaults for OT1/cmr/m/n on input line 4.
LaTeX Font Info:    ... okay on input line 4.
LaTeX Font Info:    Checking defaults for T1/cmr/m/n on input line 4.
LaTeX Font Info:    ... okay on input line 4.
LaTeX Font Info:    Checking defaults for TS1/cmr/m/n on input line 4.
LaTeX Font Info:    ... okay on input line 4.
LaTeX Font Info:    Checking defaults for OMX/cmex/m/n on input line 4.
LaTeX Font Info:    ... okay on input line 4.
LaTeX Font Info:    Checking defaults for U/cmr/m/n on input line 4.
LaTeX Font Info:    ... okay on input line 4.
 (C:\Users\aakas\AppData\Local\Programs\MiKTeX\tex/context/base/mkii\supp-pdf.mkii
[Loading MPS to PDF converter (version 2006.09.02).]
\scratchcounter=\count284
\scratchdimen=\dimen153
\scratchbox=\box53
\nofMPsegments=\count285
\nofMParguments=\count286
\everyMPshowfont=\toks18
\MPscratchCnt=\count287
\MPscratchDim=\dimen154
\MPnumerator=\count288
\makeMPintoPDFobject=\count289
\everyMPtoPDFconversion=\toks19
) (C:\Users\aakas\AppData\Local\Programs\MiKTeX\tex/latex/epstopdf-pkg\epstopdf-base.sty
Package: epstopdf-base 2020-01-24 v2.11 Base part for package epstopdf
Package epstopdf-base Info: Redefining graphics rule for `.eps' on input line 485.
 (C:\Users\aakas\AppData\Local\Programs\MiKTeX\tex/latex/00miktex\epstopdf-sys.cfg
File: epstopdf-sys.cfg 2021/03/18 v2.0 Configuration of epstopdf for MiKTeX
))
LaTeX Font Info:    External font `cmex10' loaded for size
(Font)              <14.4> on input line 8.
LaTeX Font Info:    External font `cmex10' loaded for size
(Font)              <7> on input line 8.
 (report.toc
LaTeX Font Info:    External font `cmex10' loaded for size
(Font)              <12> on input line 2.
LaTeX Font Info:    External font `cmex10' loaded for size
(Font)              <8> on input line 2.
LaTeX Font Info:    External font `cmex10' loaded for size
(Font)              <6> on input line 2.
 [1

{C:/Users/aakas/AppData/Local/MiKTeX/fonts/map/pdftex/pdftex.map}])
\tf@toc=\write3
\openout3 = `report.toc'.

 [2] [3

]
<images/Gamehub_menu.jpg, id=15, 948.54375pt x 981.6675pt>
File: images/Gamehub_menu.jpg Graphic file (type jpg)
<use images/Gamehub_menu.jpg>
Package pdftex.def Info: images/Gamehub_menu.jpg  used on input line 63.
(pdftex.def)             Requested size: 312.00119pt x 322.88776pt.


LaTeX Warning: `h' float specifier changed to `ht'.

<images/TicTacToe.jpg, id=16, 955.57pt x 996.72375pt>
File: images/TicTacToe.jpg Graphic file (type jpg)
<use images/TicTacToe.jpg>
Package pdftex.def Info: images/TicTacToe.jpg  used on input line 81.
(pdftex.def)             Requested size: 195.0pt x 203.38675pt.
[4] [5 <./images/Gamehub_menu.jpg>]
<images/Othello.jpg, id=24, 955.57pt x 1001.7425pt>
File: images/Othello.jpg Graphic file (type jpg)
<use images/Othello.jpg>
Package pdftex.def Info: images/Othello.jpg  used on input line 100.
(pdftex.def)             Requested size: 195.0pt x 204.41084pt.


LaTeX Warning: `h' float specifier changed to `ht'.

<images/Connect4.jpg, id=25, 953.5625pt x 992.70876pt>
File: images/Connect4.jpg Graphic file (type jpg)
<use images/Connect4.jpg>
Package pdftex.def Info: images/Connect4.jpg  used on input line 115.
(pdftex.def)             Requested size: 195.0pt x 203.00674pt.
[6 <./images/TicTacToe.jpg>]

LaTeX Warning: `h' float specifier changed to `ht'.

<images/Game_over_menu.jpg, id=29, 944.52875pt x 995.72pt>
File: images/Game_over_menu.jpg Graphic file (type jpg)
<use images/Game_over_menu.jpg>
Package pdftex.def Info: images/Game_over_menu.jpg  used on input line 128.
(pdftex.def)             Requested size: 195.0pt x 205.56729pt.

LaTeX Warning: `h' float specifier changed to `ht'.

[7 <./images/Othello.jpg>]
<images/Sort_by_menu.jpg, id=34, 944.52875pt x 990.70125pt>
File: images/Sort_by_menu.jpg Graphic file (type jpg)
<use images/Sort_by_menu.jpg>
Package pdftex.def Info: images/Sort_by_menu.jpg  used on input line 145.
(pdftex.def)             Requested size: 195.0pt x 204.53117pt.


LaTeX Warning: `h' float specifier changed to `ht'.

<images/Statistics.jpg, id=35, 501.875pt x 501.875pt>
File: images/Statistics.jpg Graphic file (type jpg)
<use images/Statistics.jpg>
Package pdftex.def Info: images/Statistics.jpg  used on input line 160.
(pdftex.def)             Requested size: 195.0pt x 195.00294pt.
[8 <./images/Connect4.jpg>]

LaTeX Warning: `h' float specifier changed to `ht'.

[9 <./images/Game_over_menu.jpg>] [10 <./images/Sort_by_menu.jpg>] [11 <./images/Statistics.jpg>] [12] [13] [14] [15] [16] [17] [18] (report.bbl) [19] (report.aux)
 ***********
LaTeX2e <2025-11-01>
L3 programming layer <2026-03-20>
 ***********
 ) 
Here is how much of TeX's memory you used:
 1449 strings out of 467691
 24891 string characters out of 5414987
 446954 words of memory out of 5000000
 30536 multiletter control sequences out of 15000+600000
 633742 words of font info for 60 fonts, out of 8000000 for 9000
 1141 hyphenation exceptions out of 8191
 57i,7n,65p,321b,242s stack positions out of 10000i,1000n,20000p,200000b,200000s
 <C:\Users\aakas\AppData\Local\MiKTeX\fonts/pk/ljfour/jknappen/ec/dpi600\tcrm1200.pk><C:/Users/aakas/AppData/Local/Programs/MiKTeX/fonts/type1/public/amsfonts/cm/cmbx12.pfb><C:/Users/aakas/AppData/Local/Programs/MiKTeX/fonts/type1/public/amsfonts/cm/cmr12.pfb><C:/Users/aakas/AppData/Local/Programs/MiKTeX/fonts/type1/public/amsfonts/cm/cmr17.pfb><C:/Users/aakas/AppData/Local/Programs/MiKTeX/fonts/type1/public/amsfonts/cm/cmti12.pfb><C:/Users/aakas/AppData/Local/Programs/MiKTeX/fonts/type1/public/amsfonts/cm/cmtt12.pfb>
Output written on report.pdf (19 pages, 495661 bytes).
PDF statistics:
 102 PDF objects out of 1000 (max. 8388607)
 0 named destinations out of 1000 (max. 500000)
 36 words of extra memory for PDF output out of 10000 (max. 10000000)

